::1 - - [25/Apr/2023:05:31:47 +0000] "GET / HTTP/1.1" - -
::1 - - [25/Apr/2023:05:31:47 +0000] "GET /movie HTTP/1.1" - -
::1 - - [25/Apr/2023:05:41:00 +0000] "GET / HTTP/1.1" - -
::1 - - [25/Apr/2023:05:41:00 +0000] "GET /movie HTTP/1.1" - -
::1 - - [25/Apr/2023:05:41:00 +0000] "GET /style.css HTTP/1.1" - -
::1 - - [25/Apr/2023:05:42:01 +0000] "GET / HTTP/1.1" - -
::1 - - [25/Apr/2023:05:42:01 +0000] "GET /movie HTTP/1.1" - -
::1 - - [25/Apr/2023:05:52:05 +0000] "GET / HTTP/1.1" - -
::1 - - [25/Apr/2023:05:52:05 +0000] "GET /movie HTTP/1.1" - -
::1 - - [25/Apr/2023:05:52:07 +0000] "GET /movie/delete/1 HTTP/1.1" - -
::1 - - [25/Apr/2023:05:52:07 +0000] "GET /movie HTTP/1.1" - -
::1 - - [25/Apr/2023:05:52:08 +0000] "GET /movie/delete/2 HTTP/1.1" - -
::1 - - [25/Apr/2023:05:52:08 +0000] "GET /movie HTTP/1.1" - -
::1 - - [25/Apr/2023:05:52:08 +0000] "GET /movie/delete/3 HTTP/1.1" - -
::1 - - [25/Apr/2023:05:52:08 +0000] "GET /movie HTTP/1.1" - -
::1 - - [25/Apr/2023:06:14:39 +0000] "GET / HTTP/1.1" - -
::1 - - [25/Apr/2023:06:14:39 +0000] "GET /movie HTTP/1.1" - -
::1 - - [25/Apr/2023:06:14:43 +0000] "GET /movie/form HTTP/1.1" - -
::1 - - [25/Apr/2023:06:14:49 +0000] "POST /movie/save HTTP/1.1" - -
::1 - - [25/Apr/2023:06:15:16 +0000] "GET /movie/form/1 HTTP/1.1" - -
::1 - - [25/Apr/2023:06:15:20 +0000] "POST /movie/save HTTP/1.1" - -
::1 - - [25/Apr/2023:06:27:12 +0000] "GET / HTTP/1.1" - -
::1 - - [25/Apr/2023:06:27:12 +0000] "GET /movie HTTP/1.1" - -
::1 - - [25/Apr/2023:06:27:15 +0000] "GET /movie/form HTTP/1.1" - -
::1 - - [25/Apr/2023:06:27:25 +0000] "POST /movie/save HTTP/1.1" - -
::1 - - [25/Apr/2023:06:27:25 +0000] "GET /movie HTTP/1.1" - -
::1 - - [25/Apr/2023:06:27:29 +0000] "GET /movie/delete/4 HTTP/1.1" - -
::1 - - [25/Apr/2023:06:27:29 +0000] "GET /movie HTTP/1.1" - -
::1 - - [25/Apr/2023:06:27:32 +0000] "GET /movie/form HTTP/1.1" - -
::1 - - [25/Apr/2023:06:27:41 +0000] "POST /movie/save HTTP/1.1" - -
::1 - - [25/Apr/2023:06:27:41 +0000] "GET /movie HTTP/1.1" - -
::1 - - [25/Apr/2023:06:27:42 +0000] "GET /movie/form/4 HTTP/1.1" - -
::1 - - [25/Apr/2023:06:27:46 +0000] "POST /movie/save HTTP/1.1" - -
::1 - - [25/Apr/2023:06:27:46 +0000] "GET /movie HTTP/1.1" - -
::1 - - [25/Apr/2023:09:46:01 +0000] "GET / HTTP/1.1" - -
::1 - - [25/Apr/2023:09:46:01 +0000] "GET /movie HTTP/1.1" - -
::1 - - [25/Apr/2023:09:46:52 +0000] "GET / HTTP/1.1" - -
::1 - - [25/Apr/2023:09:46:52 +0000] "GET /movie HTTP/1.1" - -
::1 - - [25/Apr/2023:09:47:52 +0000] "GET / HTTP/1.1" - -
::1 - - [25/Apr/2023:09:47:52 +0000] "GET /movie HTTP/1.1" - -
::1 - - [25/Apr/2023:09:51:54 +0000] "GET / HTTP/1.1" - -
::1 - - [25/Apr/2023:09:51:54 +0000] "GET /movie HTTP/1.1" - -
::1 - - [25/Apr/2023:09:51:54 +0000] "GET /favicon.ico HTTP/1.1" - -
::1 - - [25/Apr/2023:10:05:04 +0000] "GET / HTTP/1.1" - -
::1 - - [25/Apr/2023:10:05:04 +0000] "GET /movie HTTP/1.1" - -
::1 - - [25/Apr/2023:10:05:25 +0000] "GET / HTTP/1.1" - -
::1 - - [25/Apr/2023:10:05:25 +0000] "GET /movie HTTP/1.1" - -
::1 - - [25/Apr/2023:10:10:40 +0000] "GET / HTTP/1.1" - -
::1 - - [25/Apr/2023:10:10:40 +0000] "GET /movie HTTP/1.1" - -
::1 - - [25/Apr/2023:10:10:43 +0000] "GET /movie/delete/2 HTTP/1.1" - -
::1 - - [25/Apr/2023:10:10:43 +0000] "GET /movie HTTP/1.1" - -
::1 - - [25/Apr/2023:10:59:04 +0000] "GET / HTTP/1.1" - -
::1 - - [25/Apr/2023:10:59:04 +0000] "GET /movie HTTP/1.1" - -
::1 - - [25/Apr/2023:10:59:12 +0000] "GET /movie/delete/1 HTTP/1.1" - -
::1 - - [25/Apr/2023:10:59:12 +0000] "GET /movie HTTP/1.1" - -
::1 - - [25/Apr/2023:10:59:14 +0000] "GET /movie/delete/2 HTTP/1.1" - -
::1 - - [25/Apr/2023:10:59:14 +0000] "GET /movie HTTP/1.1" - -
::1 - - [25/Apr/2023:10:59:15 +0000] "GET /movie/delete/3 HTTP/1.1" - -
::1 - - [25/Apr/2023:10:59:15 +0000] "GET /movie HTTP/1.1" - -
::1 - - [25/Apr/2023:10:59:16 +0000] "GET /movie/form HTTP/1.1" - -
::1 - - [25/Apr/2023:10:59:22 +0000] "POST /movie/save HTTP/1.1" - -
::1 - - [25/Apr/2023:10:59:22 +0000] "GET /movie HTTP/1.1" - -
::1 - - [25/Apr/2023:11:03:51 +0000] "GET / HTTP/1.1" - -
::1 - - [25/Apr/2023:11:03:51 +0000] "GET /movie HTTP/1.1" - -
::1 - - [26/Apr/2023:04:46:50 +0000] "GET / HTTP/1.1" - -
::1 - - [26/Apr/2023:04:46:50 +0000] "GET /movie HTTP/1.1" - -
::1 - - [26/Apr/2023:04:46:50 +0000] "GET /favicon.ico HTTP/1.1" - -
::1 - - [26/Apr/2023:04:48:19 +0000] "GET /login.html/login HTTP/1.1" - -
::1 - - [27/Apr/2023:04:55:06 +0000] "GET / HTTP/1.1" - -
::1 - - [27/Apr/2023:04:55:06 +0000] "GET /movie HTTP/1.1" - -
::1 - - [27/Apr/2023:04:55:06 +0000] "GET /favicon.ico HTTP/1.1" - -
::1 - - [27/Apr/2023:04:55:15 +0000] "GET / HTTP/1.1" - -
::1 - - [27/Apr/2023:04:55:15 +0000] "GET /movie HTTP/1.1" - -
::1 - - [27/Apr/2023:04:55:52 +0000] "GET / HTTP/1.1" - -
::1 - - [27/Apr/2023:04:55:52 +0000] "GET /movie HTTP/1.1" - -
::1 - - [27/Apr/2023:04:56:51 +0000] "GET / HTTP/1.1" - -
::1 - - [27/Apr/2023:04:56:51 +0000] "GET /movie HTTP/1.1" - -
::1 - - [27/Apr/2023:04:57:18 +0000] "POST /login HTTP/1.1" - -
::1 - - [27/Apr/2023:04:57:18 +0000] "GET / HTTP/1.1" - -
::1 - - [27/Apr/2023:04:57:18 +0000] "GET /movie HTTP/1.1" - -
::1 - - [29/Apr/2023:11:44:35 +0000] "GET / HTTP/1.1" - -
::1 - - [29/Apr/2023:11:44:35 +0000] "GET /movie HTTP/1.1" - -
::1 - - [29/Apr/2023:11:44:35 +0000] "GET /favicon.ico HTTP/1.1" - -
::1 - - [29/Apr/2023:11:44:44 +0000] "GET /movie HTTP/1.1" - -
::1 - - [29/Apr/2023:11:44:46 +0000] "POST /login HTTP/1.1" - -
::1 - - [29/Apr/2023:11:44:47 +0000] "POST /login HTTP/1.1" - -
::1 - - [29/Apr/2023:11:44:48 +0000] "POST /login HTTP/1.1" - -
::1 - - [29/Apr/2023:11:45:42 +0000] "POST /login HTTP/1.1" - -
::1 - - [29/Apr/2023:11:45:49 +0000] "POST /login HTTP/1.1" - -
::1 - - [29/Apr/2023:11:45:49 +0000] "GET / HTTP/1.1" - -
::1 - - [29/Apr/2023:11:45:49 +0000] "GET /movie HTTP/1.1" - -
::1 - - [29/Apr/2023:11:46:05 +0000] "GET /movie/form HTTP/1.1" - -
::1 - - [29/Apr/2023:11:46:33 +0000] "POST /movie/save HTTP/1.1" - -
::1 - - [29/Apr/2023:11:46:33 +0000] "GET /movie HTTP/1.1" - -
